Base path: C:/Program Files/Unity/Editor/Data
Cmd: initializeCompiler
Cmd: compileComputeKernel
  error: 1 plat 4 at Particle_compute.compute(32): implicit truncation of vector type
  error: 1 plat 4 at Particle_compute.compute(33): implicit truncation of vector type
  error: 1 plat 4 at Particle_compute.compute(34): implicit truncation of vector type
  error: 1 plat 4 at Particle_compute.compute(53): implicit truncation of vector type
  error: 1 plat 4 at Particle_compute.compute(54): implicit truncation of vector type
  error: 1 plat 4 at Particle_compute.compute(55): implicit truncation of vector type
  api=4 insize=2168 outsize=781 ok=1
Cmd: initializeCompiler
Cmd: initializeCompiler
Cmd: compileComputeKernel
  error: 1 plat 4 at Particle_compute.compute(32): implicit truncation of vector type
  error: 1 plat 4 at Particle_compute.compute(33): implicit truncation of vector type
  error: 1 plat 4 at Particle_compute.compute(34): implicit truncation of vector type
  error: 1 plat 4 at Particle_compute.compute(53): implicit truncation of vector type
  error: 1 plat 4 at Particle_compute.compute(54): implicit truncation of vector type
  error: 1 plat 4 at Particle_compute.compute(55): implicit truncation of vector type
  api=4 insize=2170 outsize=781 ok=1
Cmd: initializeCompiler
Cmd: initializeCompiler
Cmd: compileComputeKernel
  error: 1 plat 4 at Particle_compute.compute(32): implicit truncation of vector type
  error: 1 plat 4 at Particle_compute.compute(33): implicit truncation of vector type
  error: 1 plat 4 at Particle_compute.compute(34): implicit truncation of vector type
  error: 1 plat 4 at Particle_compute.compute(36): signed/unsigned mismatch, unsigned assumed
  error: 1 plat 4 at Particle_compute.compute(44): 'i': loop control variable conflicts with a previous declaration in the outer scope; most recent declaration will be used
  error: 1 plat 4 at Particle_compute.compute(61): implicit truncation of vector type
  error: 1 plat 4 at Particle_compute.compute(62): implicit truncation of vector type
  error: 1 plat 4 at Particle_compute.compute(63): implicit truncation of vector type
  api=4 insize=2477 outsize=781 ok=1
Cmd: initializeCompiler
Cmd: initializeCompiler
Cmd: initializeCompiler
Cmd: initializeCompiler
Cmd: initializeCompiler
Cmd: initializeCompiler
Cmd: initializeCompiler
Cmd: initializeCompiler
Cmd: initializeCompiler
Cmd: initializeCompiler
Cmd: compileComputeKernel
  error: 1 plat 4 at Particle_compute.compute(32): implicit truncation of vector type
  error: 1 plat 4 at Particle_compute.compute(33): implicit truncation of vector type
  error: 1 plat 4 at Particle_compute.compute(34): implicit truncation of vector type
  error: 1 plat 4 at Particle_compute.compute(36): signed/unsigned mismatch, unsigned assumed
  error: 1 plat 4 at Particle_compute.compute(44): 'i': loop control variable conflicts with a previous declaration in the outer scope; most recent declaration will be used
  error: 1 plat 4 at Particle_compute.compute(61): implicit truncation of vector type
  error: 1 plat 4 at Particle_compute.compute(62): implicit truncation of vector type
  error: 1 plat 4 at Particle_compute.compute(63): implicit truncation of vector type
  api=4 insize=2492 outsize=781 ok=1
Cmd: initializeCompiler
Cmd: compileComputeKernel
  error: 1 plat 4 at Particle_compute.compute(32): implicit truncation of vector type
  error: 1 plat 4 at Particle_compute.compute(33): implicit truncation of vector type
  error: 1 plat 4 at Particle_compute.compute(34): implicit truncation of vector type
  error: 1 plat 4 at Particle_compute.compute(36): signed/unsigned mismatch, unsigned assumed
  error: 1 plat 4 at Particle_compute.compute(44): 'i': loop control variable conflicts with a previous declaration in the outer scope; most recent declaration will be used
  error: 1 plat 4 at Particle_compute.compute(62): implicit truncation of vector type
  error: 1 plat 4 at Particle_compute.compute(63): implicit truncation of vector type
  error: 1 plat 4 at Particle_compute.compute(64): implicit truncation of vector type
  api=4 insize=2521 outsize=781 ok=1
Cmd: initializeCompiler
Cmd: initializeCompiler
Cmd: initializeCompiler
Cmd: initializeCompiler
Cmd: initializeCompiler
Cmd: initializeCompiler
Cmd: initializeCompiler
Cmd: initializeCompiler

Quitting shader compiler process
