Base path: C:/Program Files/Unity/Editor/Data
Cmd: initializeCompiler
Cmd: compileComputeKernel
  error: 1 plat 4 at Particle_compute.compute(32): implicit truncation of vector type
  error: 1 plat 4 at Particle_compute.compute(33): implicit truncation of vector type
  error: 1 plat 4 at Particle_compute.compute(34): implicit truncation of vector type
  error: 1 plat 4 at Particle_compute.compute(53): implicit truncation of vector type
  error: 1 plat 4 at Particle_compute.compute(54): implicit truncation of vector type
  error: 1 plat 4 at Particle_compute.compute(55): implicit truncation of vector type
  api=4 insize=2171 outsize=781 ok=1
Cmd: initializeCompiler
Cmd: initializeCompiler
Cmd: initializeCompiler
Cmd: initializeCompiler
Cmd: initializeCompiler
Cmd: initializeCompiler
Cmd: initializeCompiler
Cmd: initializeCompiler
Cmd: initializeCompiler
Cmd: initializeCompiler
Cmd: initializeCompiler
Cmd: initializeCompiler
Cmd: initializeCompiler
Cmd: initializeCompiler
Cmd: initializeCompiler
Cmd: initializeCompiler
Cmd: initializeCompiler
Cmd: initializeCompiler
Cmd: initializeCompiler
Cmd: initializeCompiler
Cmd: initializeCompiler
Cmd: initializeCompiler
Cmd: initializeCompiler
Cmd: initializeCompiler

Quitting shader compiler process
